C:\Program Files (x86)\MSBuild\Microsoft.Cpp\v4.0\V140\Microsoft.CppBuild.targets(936,5): warning MSB8027: Two or more files with the name of NetworkingUtils.cpp will produce outputs to the same location. This can lead to an incorrect build result.  The files involved are ..\..\..\addons\ofxOsc\libs\oscpack\src\ip\posix\NetworkingUtils.cpp, ..\..\..\addons\ofxOsc\libs\oscpack\src\ip\win32\NetworkingUtils.cpp.
C:\Program Files (x86)\MSBuild\Microsoft.Cpp\v4.0\V140\Microsoft.CppBuild.targets(936,5): warning MSB8027: Two or more files with the name of UdpSocket.cpp will produce outputs to the same location. This can lead to an incorrect build result.  The files involved are ..\..\..\addons\ofxOsc\libs\oscpack\src\ip\posix\UdpSocket.cpp, ..\..\..\addons\ofxOsc\libs\oscpack\src\ip\win32\UdpSocket.cpp.
  ofxBaseGui.cpp
  ofxButton.cpp
  ofxGuiGroup.cpp
  ofxLabel.cpp
  ofxPanel.cpp
  ofxSlider.cpp
  ofxSliderGroup.cpp
  ofxToggle.cpp
c:\of_v0.9.2_vs_release\libs\openframeworks\math\ofVec2f.h(1363): warning C4018: '<': signed/unsigned mismatch (compiling source file ..\..\..\addons\ofxGui\src\ofxToggle.cpp)
c:\of_v0.9.2_vs_release\libs\openframeworks\math\ofVec2f.h(1363): warning C4018: '<': signed/unsigned mismatch (compiling source file ..\..\..\addons\ofxGui\src\ofxButton.cpp)
c:\of_v0.9.2_vs_release\libs\openframeworks\math\ofVec2f.h(1363): warning C4018: '<': signed/unsigned mismatch (compiling source file ..\..\..\addons\ofxGui\src\ofxLabel.cpp)
c:\of_v0.9.2_vs_release\libs\openframeworks\math\ofVec2f.h(1363): warning C4018: '<': signed/unsigned mismatch (compiling source file ..\..\..\addons\ofxGui\src\ofxBaseGui.cpp)
c:\of_v0.9.2_vs_release\libs\openframeworks\math\ofVec2f.h(1363): warning C4018: '<': signed/unsigned mismatch (compiling source file ..\..\..\addons\ofxGui\src\ofxSlider.cpp)
c:\of_v0.9.2_vs_release\libs\openframeworks\math\ofVec2f.h(1363): warning C4018: '<': signed/unsigned mismatch (compiling source file ..\..\..\addons\ofxGui\src\ofxGuiGroup.cpp)
c:\of_v0.9.2_vs_release\libs\openframeworks\math\ofVec2f.h(1363): warning C4018: '<': signed/unsigned mismatch (compiling source file ..\..\..\addons\ofxGui\src\ofxPanel.cpp)
c:\of_v0.9.2_vs_release\libs\openframeworks\math\ofVec2f.h(1363): warning C4018: '<': signed/unsigned mismatch (compiling source file ..\..\..\addons\ofxGui\src\ofxSliderGroup.cpp)
  IpEndpointName.cpp
  NetworkingUtils.cpp
  UdpSocket.cpp
  NetworkingUtils.cpp
..\..\..\addons\ofxOsc\libs\oscpack\src\ip\IpEndpointName.cpp(54): warning C4996: 'sprintf': This function or variable may be unsafe. Consider using sprintf_s instead. To disable deprecation, use _CRT_SECURE_NO_WARNINGS. See online help for details.
  C:\Program Files (x86)\Windows Kits\10\Include\10.0.10240.0\ucrt\stdio.h(1769): note: see declaration of 'sprintf'
..\..\..\addons\ofxOsc\libs\oscpack\src\ip\IpEndpointName.cpp(56): warning C4996: 'sprintf': This function or variable may be unsafe. Consider using sprintf_s instead. To disable deprecation, use _CRT_SECURE_NO_WARNINGS. See online help for details.
  C:\Program Files (x86)\Windows Kits\10\Include\10.0.10240.0\ucrt\stdio.h(1769): note: see declaration of 'sprintf'
..\..\..\addons\ofxOsc\libs\oscpack\src\ip\IpEndpointName.cpp(69): warning C4996: 'sprintf': This function or variable may be unsafe. Consider using sprintf_s instead. To disable deprecation, use _CRT_SECURE_NO_WARNINGS. See online help for details.
  C:\Program Files (x86)\Windows Kits\10\Include\10.0.10240.0\ucrt\stdio.h(1769): note: see declaration of 'sprintf'
..\..\..\addons\ofxOsc\libs\oscpack\src\ip\IpEndpointName.cpp(71): warning C4996: 'sprintf': This function or variable may be unsafe. Consider using sprintf_s instead. To disable deprecation, use _CRT_SECURE_NO_WARNINGS. See online help for details.
  C:\Program Files (x86)\Windows Kits\10\Include\10.0.10240.0\ucrt\stdio.h(1769): note: see declaration of 'sprintf'
..\..\..\addons\ofxOsc\libs\oscpack\src\ip\IpEndpointName.cpp(79): warning C4996: 'sprintf': This function or variable may be unsafe. Consider using sprintf_s instead. To disable deprecation, use _CRT_SECURE_NO_WARNINGS. See online help for details.
  C:\Program Files (x86)\Windows Kits\10\Include\10.0.10240.0\ucrt\stdio.h(1769): note: see declaration of 'sprintf'
..\..\..\addons\ofxOsc\libs\oscpack\src\ip\IpEndpointName.cpp(81): warning C4996: 'sprintf': This function or variable may be unsafe. Consider using sprintf_s instead. To disable deprecation, use _CRT_SECURE_NO_WARNINGS. See online help for details.
  C:\Program Files (x86)\Windows Kits\10\Include\10.0.10240.0\ucrt\stdio.h(1769): note: see declaration of 'sprintf'
..\..\..\addons\ofxOsc\libs\oscpack\src\ip\posix\NetworkingUtils.cpp(39): fatal error C1083: Cannot open include file: 'netdb.h': No such file or directory
  UdpSocket.cpp
  OscOutboundPacketStream.cpp
..\..\..\addons\ofxOsc\libs\oscpack\src\ip\posix\UdpSocket.cpp(39): fatal error C1083: Cannot open include file: 'pthread.h': No such file or directory
  OscPrintReceivedElements.cpp
..\..\..\addons\ofxOsc\libs\oscpack\src\osc\OscOutboundPacketStream.cpp(363): warning C4996: 'strcpy': This function or variable may be unsafe. Consider using strcpy_s instead. To disable deprecation, use _CRT_SECURE_NO_WARNINGS. See online help for details.
  C:\Program Files (x86)\Windows Kits\10\Include\10.0.10240.0\ucrt\string.h(119): note: see declaration of 'strcpy'
..\..\..\addons\ofxOsc\libs\oscpack\src\osc\OscOutboundPacketStream.cpp(605): warning C4996: 'strcpy': This function or variable may be unsafe. Consider using strcpy_s instead. To disable deprecation, use _CRT_SECURE_NO_WARNINGS. See online help for details.
  C:\Program Files (x86)\Windows Kits\10\Include\10.0.10240.0\ucrt\string.h(119): note: see declaration of 'strcpy'
..\..\..\addons\ofxOsc\libs\oscpack\src\osc\OscOutboundPacketStream.cpp(625): warning C4996: 'strcpy': This function or variable may be unsafe. Consider using strcpy_s instead. To disable deprecation, use _CRT_SECURE_NO_WARNINGS. See online help for details.
  C:\Program Files (x86)\Windows Kits\10\Include\10.0.10240.0\ucrt\string.h(119): note: see declaration of 'strcpy'
  OscReceivedElements.cpp
  OscTypes.cpp
  ofxOscBundle.cpp
..\..\..\addons\ofxOsc\libs\oscpack\src\ip\win32\NetworkingUtils.cpp(88): warning C4996: 'gethostbyname': Use getaddrinfo() or GetAddrInfoW() instead or define _WINSOCK_DEPRECATED_NO_WARNINGS to disable deprecated API warnings
  C:\Program Files (x86)\Windows Kits\8.1\Include\um\winsock2.h(2238): note: see declaration of 'gethostbyname'
  ofxOscMessage.cpp
..\..\..\addons\ofxOsc\libs\oscpack\src\osc\OscPrintReceivedElements.cpp(129): warning C4996: 'ctime': This function or variable may be unsafe. Consider using ctime_s instead. To disable deprecation, use _CRT_SECURE_NO_WARNINGS. See online help for details.
  C:\Program Files (x86)\Windows Kits\10\Include\10.0.10240.0\ucrt\time.h(475): note: see declaration of 'ctime'
  ofxOscParameterSync.cpp
  ofxOscReceiver.cpp
  ofxOscSender.cpp
c:\of_v0.9.2_vs_release\libs\openframeworks\math\ofVec2f.h(1363): warning C4018: '<': signed/unsigned mismatch (compiling source file ..\..\..\addons\ofxOsc\src\ofxOscBundle.cpp)
c:\of_v0.9.2_vs_release\libs\openframeworks\math\ofVec2f.h(1363): warning C4018: '<': signed/unsigned mismatch (compiling source file ..\..\..\addons\ofxOsc\src\ofxOscParameterSync.cpp)
c:\of_v0.9.2_vs_release\libs\openframeworks\math\ofVec2f.h(1363): warning C4018: '<': signed/unsigned mismatch (compiling source file ..\..\..\addons\ofxOsc\src\ofxOscMessage.cpp)
  main.cpp
c:\of_v0.9.2_vs_release\libs\openframeworks\math\ofVec2f.h(1363): warning C4018: '<': signed/unsigned mismatch (compiling source file ..\..\..\addons\ofxOsc\src\ofxOscSender.cpp)
c:\of_v0.9.2_vs_release\libs\openframeworks\math\ofVec2f.h(1363): warning C4018: '<': signed/unsigned mismatch (compiling source file ..\..\..\addons\ofxOsc\src\ofxOscReceiver.cpp)
  ofApp.cpp
c:\of_v0.9.2_vs_release\libs\openframeworks\math\ofVec2f.h(1363): warning C4018: '<': signed/unsigned mismatch (compiling source file src\main.cpp)
c:\of_v0.9.2_vs_release\libs\openframeworks\math\ofVec2f.h(1363): warning C4018: '<': signed/unsigned mismatch (compiling source file src\ofApp.cpp)
